#
# There is insufficient memory for the Java Runtime Environment to continue.
# Native memory allocation (malloc) failed to allocate 2626736 bytes for Chunk::new
# Possible reasons:
#   The system is out of physical RAM or swap space
#   The process is running with CompressedOops enabled, and the Java Heap may be blocking the growth of the native heap
# Possible solutions:
#   Reduce memory load on the system
#   Increase physical memory or swap space
#   Check if swap backing store is full
#   Decrease Java heap size (-Xmx/-Xms)
#   Decrease number of Java threads
#   Decrease Java thread stack sizes (-Xss)
#   Set larger code cache with -XX:ReservedCodeCacheSize=
#   JVM is running with Unscaled Compressed Oops mode in which the Java heap is
#     placed in the first 4GB address space. The Java Heap base address is the
#     maximum limit for the native heap growth. Please use -XX:HeapBaseMinAddress
#     to set the Java Heap base and to place the Java Heap above 4GB virtual address.
# This output file may be truncated or incomplete.
#
#  Out of Memory Error (allocation.cpp:389), pid=18100, tid=0x00000000000049e0
#
# JRE version: OpenJDK Runtime Environment (8.0_242-b01) (build 1.8.0_242-release-1644-b01)
# Java VM: OpenJDK 64-Bit Server VM (25.242-b01 mixed mode windows-amd64 compressed oops)
# Failed to write core dump. Minidumps are not enabled by default on client versions of Windows
#

---------------  T H R E A D  ---------------

Current thread (0x000000001a12e000):  JavaThread "C2 CompilerThread2" daemon [_thread_in_native, id=18912, stack(0x000000001abf0000,0x000000001acf0000)]

Stack: [0x000000001abf0000,0x000000001acf0000]
[error occurred during error reporting (printing stack bounds), id 0xc0000005]

Native frames: (J=compiled Java code, j=interpreted, Vv=VM code, C=native code)


Current CompileTask:
C2:   9980 6255   !   4       org.gradle.internal.typeconversion.ErrorHandlingNotationParser::parseNotation (98 bytes)


---------------  P R O C E S S  ---------------

Java Threads: ( => current thread )
  0x000000001fc13000 JavaThread "Cache worker for execution history cache (C:\Users\Khoa\AndroidStudioProjects\Calculator\.gradle\6.5-rc-1\executionHistory)" [_thread_blocked, id=20028, stack(0x000000002fab0000,0x000000002fbb0000)]
  0x000000001fc17000 JavaThread "Execution worker for ':' Thread 7" [_thread_in_native, id=1248, stack(0x000000002f9b0000,0x000000002fab0000)]
  0x000000001fc15800 JavaThread "Execution worker for ':' Thread 6" [_thread_blocked, id=7732, stack(0x000000002e860000,0x000000002e960000)]
  0x000000001fc18800 JavaThread "Execution worker for ':' Thread 5" [_thread_blocked, id=11792, stack(0x000000002e760000,0x000000002e860000)]
  0x000000001fc14800 JavaThread "Execution worker for ':' Thread 4" [_thread_blocked, id=16320, stack(0x000000002e660000,0x000000002e760000)]
  0x000000001fc11000 JavaThread "Execution worker for ':' Thread 3" [_thread_blocked, id=4488, stack(0x000000002e560000,0x000000002e660000)]
  0x000000001fc10000 JavaThread "Execution worker for ':' Thread 2" [_thread_blocked, id=13116, stack(0x000000002e460000,0x000000002e560000)]
  0x000000001fc14000 JavaThread "Execution worker for ':'" [_thread_blocked, id=16196, stack(0x000000002e360000,0x000000002e460000)]
  0x000000001fc12800 JavaThread "Cache worker for file content cache (C:\Users\Khoa\AndroidStudioProjects\Calculator\.gradle\6.5-rc-1\fileContent)" [_thread_blocked, id=19068, stack(0x000000002ce90000,0x000000002cf90000)]
  0x0000000020b32000 JavaThread "Memory manager" [_thread_blocked, id=11568, stack(0x000000002cd90000,0x000000002ce90000)]
  0x0000000020b2e000 JavaThread "pool-1-thread-1" [_thread_blocked, id=10532, stack(0x000000002b850000,0x000000002b950000)]
  0x0000000020b31000 JavaThread "Cache worker for Build Output Cleanup Cache (C:\Users\Khoa\AndroidStudioProjects\Calculator\.gradle\buildOutputCleanup)" [_thread_blocked, id=19164, stack(0x0000000027c20000,0x0000000027d20000)]
  0x0000000020b2f000 JavaThread "jar transforms Thread 113" [_thread_blocked, id=1696, stack(0x000000002b750000,0x000000002b850000)]
  0x0000000020b30800 JavaThread "jar transforms Thread 112" [_thread_blocked, id=17872, stack(0x000000002b650000,0x000000002b750000)]
  0x0000000020b2d800 JavaThread "jar transforms Thread 111" [_thread_blocked, id=20376, stack(0x000000002b550000,0x000000002b650000)]
  0x0000000020b2c800 JavaThread "jar transforms Thread 110" [_thread_blocked, id=13156, stack(0x000000002b450000,0x000000002b550000)]
  0x0000000020b2c000 JavaThread "jar transforms Thread 109" [_thread_blocked, id=19048, stack(0x000000002b350000,0x000000002b450000)]
  0x0000000020b2f800 JavaThread "jar transforms Thread 108" [_thread_blocked, id=18832, stack(0x000000002b250000,0x000000002b350000)]
  0x0000000020b24800 JavaThread "jar transforms Thread 107" [_thread_blocked, id=7228, stack(0x000000002b150000,0x000000002b250000)]
  0x0000000020b2b000 JavaThread "jar transforms Thread 106" [_thread_blocked, id=8484, stack(0x000000002b050000,0x000000002b150000)]
  0x0000000020b23800 JavaThread "jar transforms Thread 105" [_thread_blocked, id=16264, stack(0x000000002af50000,0x000000002b050000)]
  0x0000000020b2a800 JavaThread "jar transforms Thread 104" [_thread_blocked, id=20388, stack(0x000000002ad50000,0x000000002ae50000)]
  0x0000000020b23000 JavaThread "jar transforms Thread 103" [_thread_blocked, id=19548, stack(0x000000002ac50000,0x000000002ad50000)]
  0x0000000020b27800 JavaThread "jar transforms Thread 102" [_thread_blocked, id=10924, stack(0x000000002ab50000,0x000000002ac50000)]
  0x0000000020b26000 JavaThread "jar transforms Thread 101" [_thread_blocked, id=16536, stack(0x000000002aa50000,0x000000002ab50000)]
  0x0000000020b29000 JavaThread "jar transforms Thread 100" [_thread_blocked, id=15808, stack(0x000000002a950000,0x000000002aa50000)]
  0x0000000020b28000 JavaThread "jar transforms Thread 99" [_thread_blocked, id=19740, stack(0x000000002a850000,0x000000002a950000)]
  0x0000000020b26800 JavaThread "jar transforms Thread 98" [_thread_blocked, id=2700, stack(0x000000002a750000,0x000000002a850000)]
  0x0000000020b25000 JavaThread "jar transforms Thread 97" [_thread_blocked, id=19592, stack(0x000000002a650000,0x000000002a750000)]
  0x0000000020b29800 JavaThread "jar transforms Thread 96" [_thread_blocked, id=1976, stack(0x000000002a550000,0x000000002a650000)]
  0x000000001fabe800 JavaThread "jar transforms Thread 95" [_thread_blocked, id=14368, stack(0x000000002a450000,0x000000002a550000)]
  0x000000001fabb000 JavaThread "jar transforms Thread 94" [_thread_blocked, id=18084, stack(0x000000002a350000,0x000000002a450000)]
  0x000000001fac1000 JavaThread "jar transforms Thread 93" [_thread_blocked, id=18924, stack(0x000000002a250000,0x000000002a350000)]
  0x000000001fab9800 JavaThread "jar transforms Thread 92" [_thread_blocked, id=9192, stack(0x000000002a150000,0x000000002a250000)]
  0x000000001fabf800 JavaThread "jar transforms Thread 91" [_thread_blocked, id=14488, stack(0x000000002a050000,0x000000002a150000)]
  0x000000001fabe000 JavaThread "jar transforms Thread 90" [_thread_blocked, id=14860, stack(0x0000000029f50000,0x000000002a050000)]
  0x000000001fabd000 JavaThread "jar transforms Thread 89" [_thread_blocked, id=14492, stack(0x0000000029e50000,0x0000000029f50000)]
  0x000000001fabc800 JavaThread "jar transforms Thread 88" [_thread_blocked, id=4708, stack(0x0000000029d50000,0x0000000029e50000)]
  0x000000001fac0000 JavaThread "jar transforms Thread 87" [_thread_blocked, id=5336, stack(0x0000000029c50000,0x0000000029d50000)]
  0x000000001faba000 JavaThread "jar transforms Thread 86" [_thread_blocked, id=19288, stack(0x0000000029b50000,0x0000000029c50000)]
  0x000000001fabb800 JavaThread "jar transforms Thread 85" [_thread_blocked, id=19840, stack(0x0000000029a50000,0x0000000029b50000)]
  0x000000001fab2000 JavaThread "jar transforms Thread 84" [_thread_blocked, id=88, stack(0x0000000029950000,0x0000000029a50000)]
  0x000000001fab3800 JavaThread "jar transforms Thread 83" [_thread_blocked, id=5144, stack(0x0000000029850000,0x0000000029950000)]
  0x000000001fab4000 JavaThread "jar transforms Thread 82" [_thread_blocked, id=20048, stack(0x0000000029750000,0x0000000029850000)]
  0x000000001fab2800 JavaThread "jar transforms Thread 81" [_thread_blocked, id=19992, stack(0x0000000029650000,0x0000000029750000)]
  0x000000001fab8800 JavaThread "jar transforms Thread 80" [_thread_blocked, id=6176, stack(0x0000000029550000,0x0000000029650000)]
  0x000000001fab8000 JavaThread "jar transforms Thread 79" [_thread_blocked, id=6588, stack(0x0000000029450000,0x0000000029550000)]
  0x000000001fab5800 JavaThread "jar transforms Thread 78" [_thread_blocked, id=19580, stack(0x0000000029350000,0x0000000029450000)]
  0x000000001fab5000 JavaThread "jar transforms Thread 77" [_thread_blocked, id=15540, stack(0x0000000029250000,0x0000000029350000)]
  0x000000001fab7000 JavaThread "jar transforms Thread 76" [_thread_blocked, id=11984, stack(0x0000000029150000,0x0000000029250000)]
  0x000000001fab6800 JavaThread "jar transforms Thread 75" [_thread_blocked, id=2264, stack(0x0000000029050000,0x0000000029150000)]
  0x0000000020242800 JavaThread "jar transforms Thread 74" [_thread_blocked, id=16900, stack(0x0000000028f50000,0x0000000029050000)]
  0x0000000020241800 JavaThread "jar transforms Thread 73" [_thread_blocked, id=19892, stack(0x0000000028e50000,0x0000000028f50000)]
  0x0000000020244000 JavaThread "jar transforms Thread 72" [_thread_blocked, id=13600, stack(0x0000000028d50000,0x0000000028e50000)]
  0x0000000020241000 JavaThread "jar transforms Thread 71" [_thread_blocked, id=11752, stack(0x0000000028c50000,0x0000000028d50000)]
  0x0000000020240000 JavaThread "jar transforms Thread 70" [_thread_blocked, id=10844, stack(0x0000000028b50000,0x0000000028c50000)]
  0x0000000020243000 JavaThread "jar transforms Thread 69" [_thread_blocked, id=16808, stack(0x0000000028a50000,0x0000000028b50000)]
  0x000000002023f800 JavaThread "jar transforms Thread 68" [_thread_blocked, id=5364, stack(0x0000000028950000,0x0000000028a50000)]
  0x000000002023e800 JavaThread "jar transforms Thread 67" [_thread_blocked, id=18008, stack(0x0000000028850000,0x0000000028950000)]
  0x000000002023e000 JavaThread "jar transforms Thread 66" [_thread_blocked, id=13056, stack(0x0000000028750000,0x0000000028850000)]
  0x0000000020236800 JavaThread "jar transforms Thread 65" [_thread_blocked, id=18892, stack(0x0000000028650000,0x0000000028750000)]
  0x0000000020238000 JavaThread "jar transforms Thread 64" [_thread_blocked, id=10096, stack(0x0000000028550000,0x0000000028650000)]
  0x000000002023d000 JavaThread "jar transforms Thread 63" [_thread_blocked, id=17256, stack(0x0000000028450000,0x0000000028550000)]
  0x0000000020235800 JavaThread "jar transforms Thread 62" [_thread_blocked, id=4884, stack(0x0000000028350000,0x0000000028450000)]
  0x000000002023c800 JavaThread "jar transforms Thread 61" [_thread_blocked, id=18480, stack(0x0000000028250000,0x0000000028350000)]
  0x0000000020235000 JavaThread "jar transforms Thread 60" [_thread_blocked, id=19920, stack(0x0000000028150000,0x0000000028250000)]
  0x000000002023b800 JavaThread "jar transforms Thread 59" [_thread_blocked, id=16772, stack(0x0000000028050000,0x0000000028150000)]
  0x0000000020237000 JavaThread "jar transforms Thread 58" [_thread_blocked, id=12376, stack(0x0000000027f50000,0x0000000028050000)]
  0x000000002023a000 JavaThread "jar transforms Thread 57" [_thread_blocked, id=8424, stack(0x0000000027b20000,0x0000000027c20000)]
  0x0000000020239800 JavaThread "jar transforms Thread 56" [_thread_blocked, id=15436, stack(0x0000000027a20000,0x0000000027b20000)]
  0x000000002023b000 JavaThread "jar transforms Thread 55" [_thread_blocked, id=18596, stack(0x0000000027920000,0x0000000027a20000)]
  0x0000000020238800 JavaThread "jar transforms Thread 54" [_thread_blocked, id=4620, stack(0x0000000027820000,0x0000000027920000)]
  0x0000000020382800 JavaThread "jar transforms Thread 53" [_thread_blocked, id=12016, stack(0x0000000027720000,0x0000000027820000)]
  0x0000000020382000 JavaThread "jar transforms Thread 52" [_thread_blocked, id=4160, stack(0x0000000027620000,0x0000000027720000)]
  0x0000000020380800 JavaThread "jar transforms Thread 51" [_thread_blocked, id=3004, stack(0x0000000027520000,0x0000000027620000)]
  0x0000000020385800 JavaThread "jar transforms Thread 50" [_thread_blocked, id=9716, stack(0x0000000027420000,0x0000000027520000)]
  0x0000000020383800 JavaThread "jar transforms Thread 49" [_thread_blocked, id=13272, stack(0x0000000027320000,0x0000000027420000)]
  0x0000000020386800 JavaThread "jar transforms Thread 48" [_thread_blocked, id=20176, stack(0x0000000027220000,0x0000000027320000)]
  0x0000000020385000 JavaThread "jar transforms Thread 47" [_thread_blocked, id=5352, stack(0x0000000027120000,0x0000000027220000)]
  0x0000000020381000 JavaThread "jar transforms Thread 46" [_thread_blocked, id=3728, stack(0x0000000027020000,0x0000000027120000)]
  0x0000000020384000 JavaThread "jar transforms Thread 45" [_thread_blocked, id=11900, stack(0x0000000026f20000,0x0000000027020000)]
  0x0000000020379000 JavaThread "jar transforms Thread 44" [_thread_blocked, id=11004, stack(0x0000000026e20000,0x0000000026f20000)]
  0x000000002037f800 JavaThread "jar transforms Thread 43" [_thread_blocked, id=16504, stack(0x0000000026d20000,0x0000000026e20000)]
  0x0000000020378000 JavaThread "jar transforms Thread 42" [_thread_blocked, id=13436, stack(0x0000000026c20000,0x0000000026d20000)]
  0x000000002037f000 JavaThread "jar transforms Thread 41" [_thread_blocked, id=10468, stack(0x0000000026b20000,0x0000000026c20000)]
  0x000000002037a800 JavaThread "jar transforms Thread 40" [_thread_blocked, id=14224, stack(0x0000000026a20000,0x0000000026b20000)]
  0x0000000020377800 JavaThread "jar transforms Thread 39" [_thread_blocked, id=14788, stack(0x0000000026920000,0x0000000026a20000)]
  0x000000002037b000 JavaThread "jar transforms Thread 38" [_thread_blocked, id=6472, stack(0x0000000026820000,0x0000000026920000)]
  0x000000002037d800 JavaThread "jar transforms Thread 37" [_thread_blocked, id=5184, stack(0x0000000026720000,0x0000000026820000)]
  0x0000000020379800 JavaThread "jar transforms Thread 36" [_thread_blocked, id=14448, stack(0x0000000026620000,0x0000000026720000)]
  0x000000002037e000 JavaThread "jar transforms Thread 35" [_thread_blocked, id=18020, stack(0x0000000026520000,0x0000000026620000)]
  0x000000002037c000 JavaThread "jar transforms Thread 34" [_thread_blocked, id=11172, stack(0x0000000026420000,0x0000000026520000)]
  0x000000002037c800 JavaThread "jar transforms Thread 33" [_thread_blocked, id=19936, stack(0x0000000026320000,0x0000000026420000)]
  0x000000001b949800 JavaThread "jar transforms Thread 32" [_thread_blocked, id=18968, stack(0x0000000026220000,0x0000000026320000)]
  0x000000001b94a000 JavaThread "jar transforms Thread 31" [_thread_blocked, id=19576, stack(0x0000000026120000,0x0000000026220000)]
  0x000000001b94c800 JavaThread "jar transforms Thread 30" [_thread_blocked, id=9072, stack(0x0000000026020000,0x0000000026120000)]
  0x000000001b94b800 JavaThread "jar transforms Thread 29" [_thread_blocked, id=20368, stack(0x0000000025f20000,0x0000000026020000)]
  0x000000001b94d800 JavaThread "jar transforms Thread 28" [_thread_blocked, id=18088, stack(0x0000000025e20000,0x0000000025f20000)]
  0x000000001b948000 JavaThread "jar transforms Thread 27" [_thread_blocked, id=18880, stack(0x0000000025d20000,0x0000000025e20000)]
  0x000000001b948800 JavaThread "jar transforms Thread 26" [_thread_blocked, id=1228, stack(0x0000000025c20000,0x0000000025d20000)]
  0x000000001b94b000 JavaThread "jar transforms Thread 25" [_thread_blocked, id=16644, stack(0x0000000025b20000,0x0000000025c20000)]
  0x000000001b940800 JavaThread "jar transforms Thread 24" [_thread_blocked, id=16660, stack(0x0000000025a20000,0x0000000025b20000)]
  0x000000001b947000 JavaThread "jar transforms Thread 23" [_thread_blocked, id=14452, stack(0x0000000025920000,0x0000000025a20000)]
  0x000000001b93f800 JavaThread "jar transforms Thread 22" [_thread_blocked, id=20156, stack(0x0000000025820000,0x0000000025920000)]
  0x000000001b946800 JavaThread "jar transforms Thread 21" [_thread_blocked, id=10976, stack(0x0000000025720000,0x0000000025820000)]
  0x000000001b93f000 JavaThread "jar transforms Thread 20" [_thread_blocked, id=17800, stack(0x0000000025620000,0x0000000025720000)]
  0x000000001b945800 JavaThread "jar transforms Thread 19" [_thread_blocked, id=9256, stack(0x0000000025520000,0x0000000025620000)]
  0x000000001b943800 JavaThread "jar transforms Thread 18" [_thread_blocked, id=20292, stack(0x0000000025420000,0x0000000025520000)]
  0x000000001b941000 JavaThread "jar transforms Thread 17" [_thread_blocked, id=20348, stack(0x0000000025320000,0x0000000025420000)]
  0x000000001b942800 JavaThread "jar transforms Thread 16" [_thread_blocked, id=6316, stack(0x0000000025220000,0x0000000025320000)]
  0x000000001b942000 JavaThread "jar transforms Thread 15" [_thread_blocked, id=18764, stack(0x0000000025120000,0x0000000025220000)]
  0x000000001b944000 JavaThread "jar transforms Thread 14" [_thread_blocked, id=18712, stack(0x0000000025020000,0x0000000025120000)]
  0x000000001b945000 JavaThread "jar transforms Thread 13" [_thread_blocked, id=10048, stack(0x0000000024f20000,0x0000000025020000)]
  0x000000001b93e000 JavaThread "jar transforms Thread 12" [_thread_blocked, id=18844, stack(0x0000000024e20000,0x0000000024f20000)]
  0x000000001ccc7000 JavaThread "jar transforms Thread 11" [_thread_blocked, id=11100, stack(0x0000000024d20000,0x0000000024e20000)]
  0x000000001ccc6000 JavaThread "jar transforms Thread 10" [_thread_blocked, id=14836, stack(0x0000000024c20000,0x0000000024d20000)]
  0x000000001cccb800 JavaThread "jar transforms Thread 9" [_thread_blocked, id=15612, stack(0x0000000024b20000,0x0000000024c20000)]
  0x000000001ccc8800 JavaThread "jar transforms Thread 8" [_thread_blocked, id=14876, stack(0x0000000024a20000,0x0000000024b20000)]
  0x000000001ccc7800 JavaThread "jar transforms Thread 7" [_thread_blocked, id=19988, stack(0x0000000024920000,0x0000000024a20000)]
  0x000000001ccca800 JavaThread "jar transforms Thread 6" [_thread_blocked, id=3076, stack(0x0000000024820000,0x0000000024920000)]
  0x000000001ccc9000 JavaThread "jar transforms Thread 5" [_thread_blocked, id=8204, stack(0x0000000024720000,0x0000000024820000)]
  0x000000001ccca000 JavaThread "jar transforms Thread 4" [_thread_blocked, id=15684, stack(0x0000000024620000,0x0000000024720000)]
  0x000000001ccbe800 JavaThread "jar transforms Thread 3" [_thread_blocked, id=4008, stack(0x0000000024520000,0x0000000024620000)]
  0x000000001ccc5800 JavaThread "jar transforms Thread 2" [_thread_blocked, id=12736, stack(0x0000000024420000,0x0000000024520000)]
  0x000000001ccc4800 JavaThread "Build operations Thread 8" [_thread_blocked, id=12084, stack(0x0000000024220000,0x0000000024320000)]
  0x000000001ccbd000 JavaThread "Build operations Thread 7" [_thread_blocked, id=6656, stack(0x0000000024120000,0x0000000024220000)]
  0x000000001ccc4000 JavaThread "Build operations Thread 6" [_thread_blocked, id=20468, stack(0x0000000024020000,0x0000000024120000)]
  0x000000001ccbd800 JavaThread "Build operations Thread 5" [_thread_blocked, id=9732, stack(0x0000000023f20000,0x0000000024020000)]
  0x000000001ccbc000 JavaThread "Build operations Thread 4" [_thread_blocked, id=19756, stack(0x0000000023e20000,0x0000000023f20000)]
  0x000000001ccc2800 JavaThread "Build operations Thread 3" [_thread_blocked, id=6712, stack(0x0000000023d20000,0x0000000023e20000)]
  0x000000001ccc1000 JavaThread "Build operations Thread 2" [_thread_blocked, id=12628, stack(0x0000000023c20000,0x0000000023d20000)]
  0x000000001ccc0000 JavaThread "Build operations" [_thread_blocked, id=10440, stack(0x0000000023b20000,0x0000000023c20000)]
  0x000000001cd03800 JavaThread "Cache worker for file content cache (C:\Users\Khoa\.gradle\caches\6.5-rc-1\fileContent)" [_thread_blocked, id=20328, stack(0x0000000023420000,0x0000000023520000)]
  0x000000001cd00800 JavaThread "jar transforms" [_thread_blocked, id=10424, stack(0x0000000023320000,0x0000000023420000)]
  0x000000001ccfc800 JavaThread "Cache worker for execution history cache (C:\Users\Khoa\.gradle\caches\6.5-rc-1\executionHistory)" [_thread_blocked, id=19704, stack(0x0000000022c20000,0x0000000022d20000)]
  0x000000001cd02800 JavaThread "Cache worker for cache directory md-rule (C:\Users\Khoa\.gradle\caches\6.5-rc-1\md-rule)" [_thread_blocked, id=15380, stack(0x0000000021870000,0x0000000021970000)]
  0x000000001ccfd800 JavaThread "Cache worker for cache directory md-supplier (C:\Users\Khoa\.gradle\caches\6.5-rc-1\md-supplier)" [_thread_blocked, id=19868, stack(0x00000000213b0000,0x00000000214b0000)]
  0x000000001cd02000 JavaThread "Cache worker for checksums cache (C:\Users\Khoa\AndroidStudioProjects\Calculator\.gradle\checksums)" [_thread_blocked, id=13372, stack(0x00000000212b0000,0x00000000213b0000)]
  0x000000001ccff800 JavaThread "Cache worker for file hash cache (C:\Users\Khoa\AndroidStudioProjects\Calculator\.gradle\6.5-rc-1\fileHashes)" [_thread_blocked, id=4876, stack(0x0000000021560000,0x0000000021660000)]
  0x000000001cd01000 JavaThread "Cache worker for file hash cache (C:\Users\Khoa\.gradle\caches\6.5-rc-1\fileHashes)" [_thread_blocked, id=13768, stack(0x000000001f010000,0x000000001f110000)]
  0x000000001a25b000 JavaThread "File lock request listener" [_thread_in_native, id=14272, stack(0x000000001ef10000,0x000000001f010000)]
  0x000000001a1c9800 JavaThread "Cache worker for journal cache (C:\Users\Khoa\.gradle\caches\journal-1)" [_thread_blocked, id=5180, stack(0x000000001ee10000,0x000000001ef10000)]
  0x000000001ccec000 JavaThread "Thread-9" [_thread_blocked, id=2148, stack(0x000000001eb10000,0x000000001ec10000)]
  0x000000001cc65000 JavaThread "Stdin handler" [_thread_blocked, id=19444, stack(0x000000001ea10000,0x000000001eb10000)]
  0x000000001cc64000 JavaThread "Asynchronous log dispatcher for DefaultDaemonConnection: socket connection from /127.0.0.1:57125 to /127.0.0.1:57126" [_thread_blocked, id=9056, stack(0x000000001e910000,0x000000001ea10000)]
  0x000000001cc45800 JavaThread "Daemon worker" [_thread_blocked, id=9040, stack(0x000000001e810000,0x000000001e910000)]
  0x000000001cc44800 JavaThread "Cancel handler" [_thread_blocked, id=20116, stack(0x000000001e710000,0x000000001e810000)]
  0x000000001cc7d800 JavaThread "Handler for socket connection from /127.0.0.1:57125 to /127.0.0.1:57126" [_thread_in_native, id=17200, stack(0x000000001e610000,0x000000001e710000)]
  0x000000001cbbe000 JavaThread "Daemon" [_thread_blocked, id=20112, stack(0x000000001e310000,0x000000001e410000)]
  0x000000001cbbe800 JavaThread "Daemon periodic checks" [_thread_blocked, id=18368, stack(0x000000001e210000,0x000000001e310000)]
  0x000000001cc29800 JavaThread "Incoming local TCP Connector on port 57125" [_thread_in_native, id=17796, stack(0x000000001dfd0000,0x000000001e0d0000)]
  0x000000001c7bb800 JavaThread "Daemon health stats" [_thread_blocked, id=12460, stack(0x000000001d990000,0x000000001da90000)]
  0x000000001a1b4800 JavaThread "Service Thread" daemon [_thread_blocked, id=20408, stack(0x000000001adf0000,0x000000001aef0000)]
  0x000000001a136800 JavaThread "C1 CompilerThread3" daemon [_thread_blocked, id=18096, stack(0x000000001acf0000,0x000000001adf0000)]
=>0x000000001a12e000 JavaThread "C2 CompilerThread2" daemon [_thread_in_native, id=18912, stack(0x000000001abf0000,0x000000001acf0000)]
  0x000000001a12c000 JavaThread "C2 CompilerThread1" daemon [_thread_in_native, id=20444, stack(0x000000001aaf0000,0x000000001abf0000)]
  0x000000001a124000 JavaThread "C2 CompilerThread0" daemon [_thread_in_native, id=7328, stack(0x000000001a9f0000,0x000000001aaf0000)]
  0x000000001a123000 JavaThread "Attach Listener" daemon [_thread_blocked, id=19180, stack(0x000000001a8f0000,0x000000001a9f0000)]
  0x000000001a125800 JavaThread "Signal Dispatcher" daemon [_thread_blocked, id=19680, stack(0x000000001a7f0000,0x000000001a8f0000)]
  0x000000001a110800 JavaThread "Finalizer" daemon [_thread_blocked, id=20120, stack(0x000000001a5f0000,0x000000001a6f0000)]
  0x00000000032a8000 JavaThread "Reference Handler" daemon [_thread_blocked, id=6972, stack(0x000000001a4f0000,0x000000001a5f0000)]
  0x00000000031ae000 JavaThread "main" [_thread_blocked, id=18424, stack(0x0000000002fc0000,0x00000000030c0000)]

Other Threads:
  0x0000000018316800 VMThread [stack: 0x0000000019ff0000,0x000000001a0f0000] [id=19260]
  0x000000001a1b5000 WatcherThread [stack: 0x000000001aef0000,0x000000001aff0000] [id=18752]

VM state:not at safepoint (normal execution)

VM Mutex/Monitor currently owned by a thread: None

heap address: 0x0000000080000000, size: 2048 MB, Compressed Oops mode: 32-bit
Narrow klass base: 0x0000000000000000, Narrow klass shift: 3
Compressed class space size: 1073741824 Address: 0x0000000100000000

Heap:
 PSYoungGen      total 217088K, used 135482K [0x00000000d5580000, 0x00000000e6080000, 0x0000000100000000)
  eden space 198656K, 68% used [0x00000000d5580000,0x00000000dd9ce908,0x00000000e1780000)
  from space 18432K, 0% used [0x00000000e2c80000,0x00000000e2c80000,0x00000000e3e80000)
  to   space 21504K, 0% used [0x00000000e1780000,0x00000000e1780000,0x00000000e2c80000)
 ParOldGen       total 225280K, used 37943K [0x0000000080000000, 0x000000008dc00000, 0x00000000d5580000)
  object space 225280K, 16% used [0x0000000080000000,0x000000008250dea8,0x000000008dc00000)
 Metaspace       used 65074K, capacity 67916K, committed 67992K, reserved 1107968K
  class space    used 8989K, capacity 9593K, committed 9648K, reserved 1048576K

Card table byte_map: [0x0000000012670000,0x0000000012a80000] byte_map_base: 0x0000000012270000

Marking Bits: (ParMarkBitMap*) 0x0000000062eef030
 Begin Bits: [0x0000000013530000, 0x0000000015530000)
 End Bits:   [0x0000000015530000, 0x0000000017530000)

Polling page: 0x0000000001850000

CodeCache: size=245760Kb used=17773Kb max_used=19474Kb free=227986Kb
 bounds [0x00000000032b0000, 0x00000000045d0000, 0x00000000122b0000]
 total_blobs=6385 nmethods=5601 adapters=697
 compilation: enabled

Compilation events (10 events):
Event: 9.977 Thread 0x000000001a136800 nmethod 6600 0x0000000003ea4210 code [0x0000000003ea43a0, 0x0000000003ea4758]
Event: 9.977 Thread 0x000000001a136800 6601       3       java.io.FileInputStream::read (8 bytes)
Event: 9.977 Thread 0x000000001a136800 nmethod 6601 0x0000000003ea3d90 code [0x0000000003ea3f00, 0x0000000003ea4088]
Event: 9.978 Thread 0x000000001a136800 6602       3       org.gradle.api.internal.artifacts.ResolvedConfigurationIdentifier::<init> (15 bytes)
Event: 9.978 Thread 0x000000001a136800 nmethod 6602 0x0000000003de2310 code [0x0000000003de2460, 0x0000000003de2630]
Event: 9.978 Thread 0x000000001a136800 6603       3       org.gradle.api.internal.artifacts.ResolvedConfigurationIdentifier::hashCode (16 bytes)
Event: 9.978 Thread 0x000000001a136800 nmethod 6603 0x0000000003de1dd0 code [0x0000000003de1f40, 0x0000000003de2218]
Event: 9.978 Thread 0x000000001a136800 6605       3       org.gradle.api.internal.artifacts.ivyservice.resolveengine.graph.builder.DependencyState::maybeAddReason (37 bytes)
Event: 9.979 Thread 0x000000001a136800 nmethod 6605 0x0000000003cf6150 code [0x0000000003cf62e0, 0x0000000003cf6738]
Event: 9.979 Thread 0x000000001a136800 6606       3       org.gradle.api.internal.artifacts.ivyservice.resolveengine.graph.builder.NodeState::maybeSubstitute (76 bytes)

GC Heap History (10 events):
Event: 4.827 GC heap before
{Heap before GC invocations=9 (full 2):
 PSYoungGen      total 120320K, used 9273K [0x00000000d5580000, 0x00000000e1e00000, 0x0000000100000000)
  eden space 108032K, 0% used [0x00000000d5580000,0x00000000d5580000,0x00000000dbf00000)
  from space 12288K, 75% used [0x00000000dbf00000,0x00000000dc80e528,0x00000000dcb00000)
  to   space 11776K, 0% used [0x00000000e1280000,0x00000000e1280000,0x00000000e1e00000)
 ParOldGen       total 93696K, used 7276K [0x0000000080000000, 0x0000000085b80000, 0x00000000d5580000)
  object space 93696K, 7% used [0x0000000080000000,0x000000008071b0e0,0x0000000085b80000)
 Metaspace       used 34288K, capacity 35428K, committed 35496K, reserved 1079296K
  class space    used 4725K, capacity 5033K, committed 5040K, reserved 1048576K
Event: 4.872 GC heap after
Heap after GC invocations=9 (full 2):
 PSYoungGen      total 120320K, used 0K [0x00000000d5580000, 0x00000000e1e00000, 0x0000000100000000)
  eden space 108032K, 0% used [0x00000000d5580000,0x00000000d5580000,0x00000000dbf00000)
  from space 12288K, 0% used [0x00000000dbf00000,0x00000000dbf00000,0x00000000dcb00000)
  to   space 11776K, 0% used [0x00000000e1280000,0x00000000e1280000,0x00000000e1e00000)
 ParOldGen       total 144384K, used 15637K [0x0000000080000000, 0x0000000088d00000, 0x00000000d5580000)
  object space 144384K, 10% used [0x0000000080000000,0x0000000080f45610,0x0000000088d00000)
 Metaspace       used 34288K, capacity 35428K, committed 35496K, reserved 1079296K
  class space    used 4725K, capacity 5033K, committed 5040K, reserved 1048576K
}
Event: 5.581 GC heap before
{Heap before GC invocations=10 (full 2):
 PSYoungGen      total 120320K, used 108032K [0x00000000d5580000, 0x00000000e1e00000, 0x0000000100000000)
  eden space 108032K, 100% used [0x00000000d5580000,0x00000000dbf00000,0x00000000dbf00000)
  from space 12288K, 0% used [0x00000000dbf00000,0x00000000dbf00000,0x00000000dcb00000)
  to   space 11776K, 0% used [0x00000000e1280000,0x00000000e1280000,0x00000000e1e00000)
 ParOldGen       total 144384K, used 15637K [0x0000000080000000, 0x0000000088d00000, 0x00000000d5580000)
  object space 144384K, 10% used [0x0000000080000000,0x0000000080f45610,0x0000000088d00000)
 Metaspace       used 37148K, capacity 38814K, committed 39080K, reserved 1083392K
  class space    used 5126K, capacity 5512K, committed 5552K, reserved 1048576K
Event: 5.587 GC heap after
Heap after GC invocations=10 (full 2):
 PSYoungGen      total 167936K, used 8238K [0x00000000d5580000, 0x00000000e1b00000, 0x0000000100000000)
  eden space 159232K, 0% used [0x00000000d5580000,0x00000000d5580000,0x00000000df100000)
  from space 8704K, 94% used [0x00000000e1280000,0x00000000e1a8bb80,0x00000000e1b00000)
  to   space 11776K, 0% used [0x00000000e0400000,0x00000000e0400000,0x00000000e0f80000)
 ParOldGen       total 144384K, used 15645K [0x0000000080000000, 0x0000000088d00000, 0x00000000d5580000)
  object space 144384K, 10% used [0x0000000080000000,0x0000000080f47610,0x0000000088d00000)
 Metaspace       used 37148K, capacity 38814K, committed 39080K, reserved 1083392K
  class space    used 5126K, capacity 5512K, committed 5552K, reserved 1048576K
}
Event: 7.334 GC heap before
{Heap before GC invocations=11 (full 2):
 PSYoungGen      total 167936K, used 167470K [0x00000000d5580000, 0x00000000e1b00000, 0x0000000100000000)
  eden space 159232K, 100% used [0x00000000d5580000,0x00000000df100000,0x00000000df100000)
  from space 8704K, 94% used [0x00000000e1280000,0x00000000e1a8bb80,0x00000000e1b00000)
  to   space 11776K, 0% used [0x00000000e0400000,0x00000000e0400000,0x00000000e0f80000)
 ParOldGen       total 144384K, used 15645K [0x0000000080000000, 0x0000000088d00000, 0x00000000d5580000)
  object space 144384K, 10% used [0x0000000080000000,0x0000000080f47610,0x0000000088d00000)
 Metaspace       used 52487K, capacity 54634K, committed 54952K, reserved 1097728K
  class space    used 7001K, capacity 7523K, committed 7600K, reserved 1048576K
Event: 7.350 GC heap after
Heap after GC invocations=11 (full 2):
 PSYoungGen      total 190464K, used 11748K [0x00000000d5580000, 0x00000000e3e80000, 0x0000000100000000)
  eden space 178688K, 0% used [0x00000000d5580000,0x00000000d5580000,0x00000000e0400000)
  from space 11776K, 99% used [0x00000000e0400000,0x00000000e0f79310,0x00000000e0f80000)
  to   space 18432K, 0% used [0x00000000e2c80000,0x00000000e2c80000,0x00000000e3e80000)
 ParOldGen       total 144384K, used 29408K [0x0000000080000000, 0x0000000088d00000, 0x00000000d5580000)
  object space 144384K, 20% used [0x0000000080000000,0x0000000081cb8340,0x0000000088d00000)
 Metaspace       used 52487K, capacity 54634K, committed 54952K, reserved 1097728K
  class space    used 7001K, capacity 7523K, committed 7600K, reserved 1048576K
}
Event: 8.021 GC heap before
{Heap before GC invocations=12 (full 2):
 PSYoungGen      total 190464K, used 82588K [0x00000000d5580000, 0x00000000e3e80000, 0x0000000100000000)
  eden space 178688K, 39% used [0x00000000d5580000,0x00000000d9aadf10,0x00000000e0400000)
  from space 11776K, 99% used [0x00000000e0400000,0x00000000e0f79310,0x00000000e0f80000)
  to   space 18432K, 0% used [0x00000000e2c80000,0x00000000e2c80000,0x00000000e3e80000)
 ParOldGen       total 144384K, used 29408K [0x0000000080000000, 0x0000000088d00000, 0x00000000d5580000)
  object space 144384K, 20% used [0x0000000080000000,0x0000000081cb8340,0x0000000088d00000)
 Metaspace       used 56796K, capacity 59108K, committed 59160K, reserved 1099776K
  class space    used 7715K, capacity 8229K, committed 8240K, reserved 1048576K
Event: 8.039 GC heap after
Heap after GC invocations=12 (full 2):
 PSYoungGen      total 217088K, used 18431K [0x00000000d5580000, 0x00000000e6080000, 0x0000000100000000)
  eden space 198656K, 0% used [0x00000000d5580000,0x00000000d5580000,0x00000000e1780000)
  from space 18432K, 99% used [0x00000000e2c80000,0x00000000e3e7fe70,0x00000000e3e80000)
  to   space 21504K, 0% used [0x00000000e1780000,0x00000000e1780000,0x00000000e2c80000)
 ParOldGen       total 144384K, used 32729K [0x0000000080000000, 0x0000000088d00000, 0x00000000d5580000)
  object space 144384K, 22% used [0x0000000080000000,0x0000000081ff64f8,0x0000000088d00000)
 Metaspace       used 56796K, capacity 59108K, committed 59160K, reserved 1099776K
  class space    used 7715K, capacity 8229K, committed 8240K, reserved 1048576K
}
Event: 8.039 GC heap before
{Heap before GC invocations=13 (full 3):
 PSYoungGen      total 217088K, used 18431K [0x00000000d5580000, 0x00000000e6080000, 0x0000000100000000)
  eden space 198656K, 0% used [0x00000000d5580000,0x00000000d5580000,0x00000000e1780000)
  from space 18432K, 99% used [0x00000000e2c80000,0x00000000e3e7fe70,0x00000000e3e80000)
  to   space 21504K, 0% used [0x00000000e1780000,0x00000000e1780000,0x00000000e2c80000)
 ParOldGen       total 144384K, used 32729K [0x0000000080000000, 0x0000000088d00000, 0x00000000d5580000)
  object space 144384K, 22% used [0x0000000080000000,0x0000000081ff64f8,0x0000000088d00000)
 Metaspace       used 56796K, capacity 59108K, committed 59160K, reserved 1099776K
  class space    used 7715K, capacity 8229K, committed 8240K, reserved 1048576K
Event: 8.295 GC heap after
Heap after GC invocations=13 (full 3):
 PSYoungGen      total 217088K, used 0K [0x00000000d5580000, 0x00000000e6080000, 0x0000000100000000)
  eden space 198656K, 0% used [0x00000000d5580000,0x00000000d5580000,0x00000000e1780000)
  from space 18432K, 0% used [0x00000000e2c80000,0x00000000e2c80000,0x00000000e3e80000)
  to   space 21504K, 0% used [0x00000000e1780000,0x00000000e1780000,0x00000000e2c80000)
 ParOldGen       total 225280K, used 37943K [0x0000000080000000, 0x000000008dc00000, 0x00000000d5580000)
  object space 225280K, 16% used [0x0000000080000000,0x000000008250dea8,0x000000008dc00000)
 Metaspace       used 56766K, capacity 59006K, committed 59160K, reserved 1099776K
  class space    used 7706K, capacity 8212K, committed 8240K, reserved 1048576K
}

Deoptimization events (10 events):
Event: 9.712 Thread 0x000000001fc13000 Uncommon trap: reason=bimorphic action=maybe_recompile pc=0x0000000003a3e158 method=java.util.Arrays.binarySearch0([Ljava/lang/Object;IILjava/lang/Object;Ljava/util/Comparator;)I @ 48
Event: 9.712 Thread 0x000000001fc13000 Uncommon trap: reason=bimorphic action=maybe_recompile pc=0x0000000003a3e158 method=java.util.Arrays.binarySearch0([Ljava/lang/Object;IILjava/lang/Object;Ljava/util/Comparator;)I @ 48
Event: 9.712 Thread 0x000000001fc13000 Uncommon trap: reason=bimorphic action=maybe_recompile pc=0x0000000003a3e158 method=java.util.Arrays.binarySearch0([Ljava/lang/Object;IILjava/lang/Object;Ljava/util/Comparator;)I @ 48
Event: 9.712 Thread 0x000000001fc13000 Uncommon trap: reason=bimorphic action=maybe_recompile pc=0x0000000003a3e158 method=java.util.Arrays.binarySearch0([Ljava/lang/Object;IILjava/lang/Object;Ljava/util/Comparator;)I @ 48
Event: 9.807 Thread 0x000000001fc17000 Uncommon trap: reason=null_check action=make_not_entrant pc=0x0000000004292100 method=org.gradle.api.internal.artifacts.DefaultImmutableModuleIdentifierFactory.module(Ljava/lang/String;Ljava/lang/String;)Lorg/gradle/api/artifacts/ModuleIdentifier; @ 10
Event: 9.873 Thread 0x000000001fc17000 Uncommon trap: reason=unstable_if action=reinterpret pc=0x0000000004335c6c method=org.gradle.internal.Describables$FixedDescribable.equals(Ljava/lang/Object;)Z @ 19
Event: 9.880 Thread 0x000000001fc17000 Uncommon trap: reason=class_check action=maybe_recompile pc=0x00000000043387d8 method=org.gradle.api.internal.artifacts.ivyservice.resolveengine.result.DefaultComponentSelectionDescriptor.<init>(Lorg/gradle/api/artifacts/result/ComponentSelectionCause;Lor
Event: 9.893 Thread 0x000000001fc17000 Uncommon trap: reason=class_check action=maybe_recompile pc=0x00000000043387d8 method=org.gradle.api.internal.artifacts.ivyservice.resolveengine.result.DefaultComponentSelectionDescriptor.<init>(Lorg/gradle/api/artifacts/result/ComponentSelectionCause;Lor
Event: 9.893 Thread 0x000000001fc17000 Uncommon trap: reason=class_check action=maybe_recompile pc=0x00000000043387d8 method=org.gradle.api.internal.artifacts.ivyservice.resolveengine.result.DefaultComponentSelectionDescriptor.<init>(Lorg/gradle/api/artifacts/result/ComponentSelectionCause;Lor
Event: 9.916 Thread 0x000000001fc17000 Uncommon trap: reason=class_check action=maybe_recompile pc=0x00000000043387d8 method=org.gradle.api.internal.artifacts.ivyservice.resolveengine.result.DefaultComponentSelectionDescriptor.<init>(Lorg/gradle/api/artifacts/result/ComponentSelectionCause;Lor

Classes redefined (0 events):
No events

Internal exceptions (10 events):
Event: 8.841 Thread 0x000000001cc45800 Exception <a 'java/lang/ClassNotFoundException': com/sun/org/glassfish/hk2/osgiresourcelocator/ServiceLoader> (0x00000000d889eb70) thrown at [C:\src\AOSP-openjdk-git\hotspot\src\share\vm\classfile\systemDictionary.cpp, line 210]
Event: 8.888 Thread 0x000000001cc45800 Exception <a 'java/lang/NullPointerException'> (0x00000000d8dc8300) thrown at [C:\src\AOSP-openjdk-git\hotspot\src\share\vm\interpreter\linkResolver.cpp, line 1287]
Event: 9.600 Thread 0x000000001ccec000 Exception <a 'java/lang/NoSuchMethodError': <clinit>> (0x00000000d558b880) thrown at [C:\src\AOSP-openjdk-git\hotspot\src\share\vm\prims\jni.cpp, line 1615]
Event: 9.601 Thread 0x000000001ccec000 Exception <a 'java/lang/NoSuchMethodError': <clinit>> (0x00000000d5596f78) thrown at [C:\src\AOSP-openjdk-git\hotspot\src\share\vm\prims\jni.cpp, line 1615]
Event: 9.634 Thread 0x000000001ccec000 Exception <a 'java/lang/NoSuchMethodError': <clinit>> (0x00000000d55a3a80) thrown at [C:\src\AOSP-openjdk-git\hotspot\src\share\vm\prims\jni.cpp, line 1615]
Event: 9.638 Thread 0x000000001ccec000 Exception <a 'java/lang/NoSuchMethodError': <clinit>> (0x00000000d55b4808) thrown at [C:\src\AOSP-openjdk-git\hotspot\src\share\vm\prims\jni.cpp, line 1615]
Event: 9.638 Thread 0x000000001ccec000 Exception <a 'java/lang/NoSuchMethodError': <clinit>> (0x00000000d55b6340) thrown at [C:\src\AOSP-openjdk-git\hotspot\src\share\vm\prims\jni.cpp, line 1615]
Event: 9.693 Thread 0x000000001ccec000 Exception <a 'java/lang/NoSuchMethodError': <clinit>> (0x00000000d55c31a0) thrown at [C:\src\AOSP-openjdk-git\hotspot\src\share\vm\prims\jni.cpp, line 1615]
Event: 9.730 Thread 0x000000001fc11000 Exception <a 'java/lang/NoSuchMethodError': java.lang.Object.lambda$static$0(Lorg/gradle/internal/snapshot/SnapshotHierarchy$DiffCapturingUpdateFunction;Lorg/gradle/internal/snapshot/SnapshotHierarchy;)Lorg/gradle/internal/snapshot/SnapshotHierarchy;> (0x
Event: 9.834 Thread 0x000000001ccec000 Exception <a 'java/lang/NoSuchMethodError': <clinit>> (0x00000000d55e5b50) thrown at [C:\src\AOSP-openjdk-git\hotspot\src\share\vm\prims\jni.cpp, line 1615]

Events (10 events):
Event: 9.893 Thread 0x000000001fc17000 DEOPT PACKING pc=0x00000000043387d8 sp=0x000000002faac110
Event: 9.893 Thread 0x000000001fc17000 DEOPT UNPACKING pc=0x00000000032f557b sp=0x000000002faac088 mode 2
Event: 9.893 Thread 0x000000001fc17000 Uncommon trap: trap_request=0xffffffde fr.pc=0x00000000043387d8
Event: 9.893 Thread 0x000000001fc17000 DEOPT PACKING pc=0x00000000043387d8 sp=0x000000002faac110
Event: 9.893 Thread 0x000000001fc17000 DEOPT UNPACKING pc=0x00000000032f557b sp=0x000000002faac088 mode 2
Event: 9.916 Thread 0x000000001fc17000 Uncommon trap: trap_request=0xffffffde fr.pc=0x00000000043387d8
Event: 9.916 Thread 0x000000001fc17000 DEOPT PACKING pc=0x00000000043387d8 sp=0x000000002faac110
Event: 9.916 Thread 0x000000001fc17000 DEOPT UNPACKING pc=0x00000000032f557b sp=0x000000002faac088 mode 2
Event: 9.975 Thread 0x000000001fc17000 DEOPT PACKING pc=0x000000000431ab5c sp=0x000000002faab440
Event: 9.975 Thread 0x000000001fc17000 DEOPT UNPACKING pc=0x00000000032f75d0 sp=0x000000002faab2b8 mode 0


Dynamic libraries:
0x00007ff6aa6b0000 - 0x00007ff6aa6e1000 	C:\Users\Khoa\Documents\android-studio\jre\bin\java.exe
0x00007ffc3b840000 - 0x00007ffc3ba30000 	C:\Windows\SYSTEM32\ntdll.dll
0x00007ffc3abd0000 - 0x00007ffc3ac82000 	C:\Windows\System32\KERNEL32.DLL
0x00007ffc38ca0000 - 0x00007ffc38f44000 	C:\Windows\System32\KERNELBASE.dll
0x00007ffc3af30000 - 0x00007ffc3afd3000 	C:\Windows\System32\ADVAPI32.dll
0x00007ffc399b0000 - 0x00007ffc39a4e000 	C:\Windows\System32\msvcrt.dll
0x00007ffc3a900000 - 0x00007ffc3a997000 	C:\Windows\System32\sechost.dll
0x00007ffc3ad10000 - 0x00007ffc3ae30000 	C:\Windows\System32\RPCRT4.dll
0x00007ffc39d90000 - 0x00007ffc39f24000 	C:\Windows\System32\USER32.dll
0x00007ffc38fa0000 - 0x00007ffc38fc1000 	C:\Windows\System32\win32u.dll
0x00007ffc3af00000 - 0x00007ffc3af26000 	C:\Windows\System32\GDI32.dll
0x00007ffc38b00000 - 0x00007ffc38c95000 	C:\Windows\System32\gdi32full.dll
0x00007ffc390d0000 - 0x00007ffc3916e000 	C:\Windows\System32\msvcp_win.dll
0x00007ffc38a00000 - 0x00007ffc38afa000 	C:\Windows\System32\ucrtbase.dll
0x00007ffc29ea0000 - 0x00007ffc2a124000 	C:\Windows\WinSxS\amd64_microsoft.windows.common-controls_6595b64144ccf1df_6.0.18362.900_none_e6beb9d913147d17\COMCTL32.dll
0x00007ffc39a50000 - 0x00007ffc39d85000 	C:\Windows\System32\combase.dll
0x00007ffc387d0000 - 0x00007ffc38850000 	C:\Windows\System32\bcryptPrimitives.dll
0x00007ffc3a700000 - 0x00007ffc3a72e000 	C:\Windows\System32\IMM32.DLL
0x000000005fed0000 - 0x000000005ffa2000 	C:\Users\Khoa\Documents\android-studio\jre\jre\bin\msvcr100.dll
0x0000000062720000 - 0x0000000062f6b000 	C:\Users\Khoa\Documents\android-studio\jre\jre\bin\server\jvm.dll
0x00007ffc3ad00000 - 0x00007ffc3ad08000 	C:\Windows\System32\PSAPI.DLL
0x00007ffc268a0000 - 0x00007ffc268c4000 	C:\Windows\SYSTEM32\WINMM.dll
0x00007ffc32e20000 - 0x00007ffc32e2a000 	C:\Windows\SYSTEM32\VERSION.dll
0x00007ffc34c80000 - 0x00007ffc34c89000 	C:\Windows\SYSTEM32\WSOCK32.dll
0x00007ffc3ab60000 - 0x00007ffc3abcf000 	C:\Windows\System32\WS2_32.dll
0x00007ffc2dc10000 - 0x00007ffc2dc3d000 	C:\Windows\SYSTEM32\WINMMBASE.dll
0x00007ffc39080000 - 0x00007ffc390ca000 	C:\Windows\System32\cfgmgr32.dll
0x00007ffc318c0000 - 0x00007ffc318cf000 	C:\Users\Khoa\Documents\android-studio\jre\jre\bin\verify.dll
0x00007ffc2ee60000 - 0x00007ffc2ee89000 	C:\Users\Khoa\Documents\android-studio\jre\jre\bin\java.dll
0x00007ffc314f0000 - 0x00007ffc31506000 	C:\Users\Khoa\Documents\android-studio\jre\jre\bin\zip.dll
0x00007ffc39f90000 - 0x00007ffc3a676000 	C:\Windows\System32\SHELL32.dll
0x00007ffc3b750000 - 0x00007ffc3b7f9000 	C:\Windows\System32\shcore.dll
0x00007ffc39170000 - 0x00007ffc398f0000 	C:\Windows\System32\windows.storage.dll
0x00007ffc387a0000 - 0x00007ffc387c3000 	C:\Windows\System32\profapi.dll
0x00007ffc38730000 - 0x00007ffc3877a000 	C:\Windows\System32\powrprof.dll
0x00007ffc38700000 - 0x00007ffc38710000 	C:\Windows\System32\UMPDC.dll
0x00007ffc3afe0000 - 0x00007ffc3b032000 	C:\Windows\System32\shlwapi.dll
0x00007ffc38780000 - 0x00007ffc38791000 	C:\Windows\System32\kernel.appcore.dll
0x00007ffc38f80000 - 0x00007ffc38f97000 	C:\Windows\System32\cryptsp.dll
0x00007ffc2ef80000 - 0x00007ffc2ef9a000 	C:\Users\Khoa\Documents\android-studio\jre\jre\bin\net.dll
0x00007ffc37f70000 - 0x00007ffc37fd7000 	C:\Windows\system32\mswsock.dll
0x00007ffc2d280000 - 0x00007ffc2d293000 	C:\Users\Khoa\Documents\android-studio\jre\jre\bin\nio.dll
0x00007ffc2eff0000 - 0x00007ffc2f017000 	C:\Users\Khoa\.gradle\native\f6784746aeab05261644944871eae4fe03e0ef1612fff0a4a95f87b438bc6780\windows-amd64\native-platform.dll
0x00007ffc31810000 - 0x00007ffc3181d000 	C:\Users\Khoa\Documents\android-studio\jre\jre\bin\management.dll
0x00007ffc37a80000 - 0x00007ffc37ab3000 	C:\Windows\system32\rsaenh.dll
0x00007ffc38f50000 - 0x00007ffc38f76000 	C:\Windows\System32\bcrypt.dll
0x00007ffc38620000 - 0x00007ffc38645000 	C:\Windows\SYSTEM32\USERENV.dll
0x00007ffc38140000 - 0x00007ffc3814c000 	C:\Windows\SYSTEM32\CRYPTBASE.dll
0x00007ffc37c80000 - 0x00007ffc37cba000 	C:\Windows\SYSTEM32\IPHLPAPI.DLL
0x00007ffc398f0000 - 0x00007ffc398f8000 	C:\Windows\System32\NSI.dll
0x00007ffc31400000 - 0x00007ffc31416000 	C:\Windows\SYSTEM32\dhcpcsvc6.DLL
0x00007ffc312c0000 - 0x00007ffc312dc000 	C:\Windows\SYSTEM32\dhcpcsvc.DLL
0x00007ffc37cc0000 - 0x00007ffc37d8b000 	C:\Windows\SYSTEM32\DNSAPI.dll
0x00007ffc322b0000 - 0x00007ffc322bb000 	C:\Windows\SYSTEM32\WINNSI.DLL

VM Arguments:
jvm_args: -Xmx2048m -Dfile.encoding=UTF-8 -Duser.country=US -Duser.language=en -Duser.variant 
java_command: org.gradle.launcher.daemon.bootstrap.GradleDaemon 6.5-rc-1
java_class_path (initial): C:\Users\Khoa\.gradle\wrapper\dists\gradle-6.5-rc-1-bin\adpy0eb821vfy0hyep5zq35px\gradle-6.5-rc-1\lib\gradle-launcher-6.5.jar
Launcher Type: SUN_STANDARD

Environment Variables:
PATH=C:\Program Files (x86)\Common Files\Oracle\Java\javapath;C:\Windows\system32;C:\Windows;C:\Windows\System32\Wbem;C:\Windows\System32\WindowsPowerShell\v1.0\;C:\Windows\System32\OpenSSH\;C:\Program Files\Git\cmd;C:\Program Files\kotlinc\bin;C:\gradle-6.3\bin;C:\Program Files (x86)\Common Files\Oracle\Java\javapath;C:\Windows\system32;C:\Windows;C:\Windows\System32\Wbem;C:\Windows\System32\WindowsPowerShell\v1.0\;C:\Windows\System32\OpenSSH\;C:\Program Files\Git\cmd;C:\Program Files\kotlinc\bin;C:\gradle-6.3\bin;C:\Program Files (x86)\Common Files\Oracle\Java\javapath;C:\Windows\system32;C:\Windows;C:\Windows\System32\Wbem;C:\Windows\System32\WindowsPowerShell\v1.0\;C:\Windows\System32\OpenSSH\;C:\Program Files\Git\cmd;C:\Program Files\kotlinc\bin;C:\gradle-6.3\bin;C:\Program Files\kotlinc\bin";C:\Program Files\JetBrains\IntelliJ IDEA Community Edition 2020.1\bin;C:\Users\Khoa\AppData\Local\Programs\Microsoft VS Code\bin;C:\Program Files\kotlinc\bin";C:\Program Files\JetBrains\IntelliJ IDEA Community Edition 2020.1\bin;C:\Users\Khoa\AppData\Local\Programs\Microsoft VS Code\bin;C:\Users\Khoa\AppData\Local\GitHubDesktop\bin
USERNAME=Khoa
OS=Windows_NT
PROCESSOR_IDENTIFIER=Intel64 Family 6 Model 158 Stepping 10, GenuineIntel



---------------  S Y S T E M  ---------------

OS: Windows 10.0 , 64 bit Build 18362 (10.0.18362.900)

CPU:total 8 (initial active 8) (4 cores per cpu, 2 threads per core) family 6 model 158 stepping 10, cmov, cx8, fxsr, mmx, sse, sse2, sse3, ssse3, sse4.1, sse4.2, popcnt, avx, avx2, aes, clmul, erms, 3dnowpref, lzcnt, ht, tsc, tscinvbit, bmi1, bmi2, adx

Memory: 4k page, physical 16648496k(2582900k free), swap 32215476k(5880k free)

vm_info: OpenJDK 64-Bit Server VM (25.242-b01) for windows-amd64 JRE (1.8.0_242-release-1644-b01), built by "builder" with MS VC++ 10.0 (VS2010)

time: Fri Jul 03 21:57:46 2020
timezone: SE Asia Standard Time
elapsed time: 9 seconds (0d 0h 0m 9s)

